<?xml version="1.0" encoding="UTF-8"?>
<!-- Generated by org.testng.reporters.JUnitReportReporter -->
<testsuite hostname="DESKTOP-VDREITG" failures="0" tests="1" name="ups.nj.myrunner.LoginRunner" time="9.306" errors="0" timestamp="2021-10-20T19:39:06 EDT" skipped="0">
  <testcase classname="ups.nj.myrunner.LoginRunner" name="feature" time="9.306"/>
  <system-out/>
</testsuite> <!-- ups.nj.myrunner.LoginRunner -->
